# JRE version: OpenJDK Runtime Environment (11.0.10) (build 11.0.10+0-b96-7249189)
# Java VM: OpenJDK 64-Bit Server VM (11.0.10+0-b96-7249189, mixed mode, tiered, compressed oops, g1 gc, windows-amd64)
Heap:
 garbage-first heap   total 78848K, used 25183K [0x00000000a0000000, 0x0000000100000000)
  region size 1024K, 3 young (3072K), 3 survivors (3072K)
 Metaspace       used 36900K, capacity 37732K, committed 37888K, reserved 1085440K
  class space    used 4713K, capacity 5034K, committed 5120K, reserved 1048576K
GC Heap History (20 events):
Event: 4.307 GC heap before
{Heap before GC invocations=1 (full 0):
 garbage-first heap   total 65536K, used 18304K [0x00000000a0000000, 0x0000000100000000)
  region size 1024K, 13 young (13312K), 2 survivors (2048K)
 Metaspace       used 9882K, capacity 10118K, committed 10368K, reserved 1058816K
  class space    used 1029K, capacity 1102K, committed 1152K, reserved 1048576K
}
Event: 4.326 GC heap after
{Heap after GC invocations=2 (full 0):
 garbage-first heap   total 65536K, used 9474K [0x00000000a0000000, 0x0000000100000000)
  region size 1024K, 2 young (2048K), 2 survivors (2048K)
 Metaspace       used 9882K, capacity 10118K, committed 10368K, reserved 1058816K
  class space    used 1029K, capacity 1102K, committed 1152K, reserved 1048576K
}
Event: 8.409 GC heap before
{Heap before GC invocations=2 (full 0):
 garbage-first heap   total 65536K, used 29954K [0x00000000a0000000, 0x0000000100000000)
  region size 1024K, 22 young (22528K), 2 survivors (2048K)
 Metaspace       used 10865K, capacity 11073K, committed 11264K, reserved 1058816K
  class space    used 1131K, capacity 1207K, committed 1280K, reserved 1048576K
}
Event: 8.418 GC heap after
{Heap after GC invocations=3 (full 0):
 garbage-first heap   total 65536K, used 9885K [0x00000000a0000000, 0x0000000100000000)
  region size 1024K, 1 young (1024K), 1 survivors (1024K)
 Metaspace       used 10865K, capacity 11073K, committed 11264K, reserved 1058816K
  class space    used 1131K, capacity 1207K, committed 1280K, reserved 1048576K
}
Event: 14.485 GC heap before
{Heap before GC invocations=3 (full 0):
 garbage-first heap   total 65536K, used 34461K [0x00000000a0000000, 0x0000000100000000)
  region size 1024K, 25 young (25600K), 1 survivors (1024K)
 Metaspace       used 11033K, capacity 11257K, committed 11520K, reserved 1058816K
  class space    used 1160K, capacity 1247K, committed 1280K, reserved 1048576K
}
Event: 14.497 GC heap after
{Heap after GC invocations=4 (full 0):
 garbage-first heap   total 65536K, used 14269K [0x00000000a0000000, 0x0000000100000000)
  region size 1024K, 4 young (4096K), 4 survivors (4096K)
 Metaspace       used 11033K, capacity 11257K, committed 11520K, reserved 1058816K
  class space    used 1160K, capacity 1247K, committed 1280K, reserved 1048576K
}
Event: 18.946 GC heap before
{Heap before GC invocations=4 (full 0):
 garbage-first heap   total 65536K, used 39869K [0x00000000a0000000, 0x0000000100000000)
  region size 1024K, 29 young (29696K), 4 survivors (4096K)
 Metaspace       used 17356K, capacity 17715K, committed 17792K, reserved 1064960K
  class space    used 2037K, capacity 2145K, committed 2176K, reserved 1048576K
}
Event: 18.972 GC heap after
{Heap after GC invocations=5 (full 0):
 garbage-first heap   total 65536K, used 16343K [0x00000000a0000000, 0x0000000100000000)
  region size 1024K, 3 young (3072K), 3 survivors (3072K)
 Metaspace       used 17356K, capacity 17715K, committed 17792K, reserved 1064960K
  class space    used 2037K, capacity 2145K, committed 2176K, reserved 1048576K
}
Event: 21.888 GC heap before
{Heap before GC invocations=5 (full 0):
 garbage-first heap   total 65536K, used 40919K [0x00000000a0000000, 0x0000000100000000)
  region size 1024K, 28 young (28672K), 3 survivors (3072K)
 Metaspace       used 20465K, capacity 20887K, committed 21120K, reserved 1067008K
  class space    used 2494K, capacity 2649K, committed 2688K, reserved 1048576K
}
Event: 21.906 GC heap after
{Heap after GC invocations=6 (full 0):
 garbage-first heap   total 65536K, used 17429K [0x00000000a0000000, 0x0000000100000000)
  region size 1024K, 2 young (2048K), 2 survivors (2048K)
 Metaspace       used 20465K, capacity 20887K, committed 21120K, reserved 1067008K
  class space    used 2494K, capacity 2649K, committed 2688K, reserved 1048576K
}
Event: 21.986 GC heap before
{Heap before GC invocations=6 (full 0):
 garbage-first heap   total 65536K, used 17429K [0x00000000a0000000, 0x0000000100000000)
  region size 1024K, 3 young (3072K), 2 survivors (2048K)
 Metaspace       used 20609K, capacity 21059K, committed 21248K, reserved 1067008K
  class space    used 2507K, capacity 2689K, committed 2816K, reserved 1048576K
}
Event: 21.996 GC heap after
{Heap after GC invocations=7 (full 0):
 garbage-first heap   total 65536K, used 17348K [0x00000000a0000000, 0x0000000100000000)
  region size 1024K, 2 young (2048K), 2 survivors (2048K)
 Metaspace       used 20609K, capacity 21059K, committed 21248K, reserved 1067008K
  class space    used 2507K, capacity 2689K, committed 2816K, reserved 1048576K
}
Event: 24.797 GC heap before
{Heap before GC invocations=8 (full 0):
 garbage-first heap   total 65536K, used 43972K [0x00000000a0000000, 0x0000000100000000)
  region size 1024K, 28 young (28672K), 2 survivors (2048K)
 Metaspace       used 23383K, capacity 23892K, committed 24192K, reserved 1071104K
  class space    used 2954K, capacity 3144K, committed 3200K, reserved 1048576K
}
Event: 24.809 GC heap after
{Heap after GC invocations=9 (full 0):
 garbage-first heap   total 65536K, used 18314K [0x00000000a0000000, 0x0000000100000000)
  region size 1024K, 2 young (2048K), 2 survivors (2048K)
 Metaspace       used 23383K, capacity 23892K, committed 24192K, reserved 1071104K
  class space    used 2954K, capacity 3144K, committed 3200K, reserved 1048576K
}
Event: 28.237 GC heap before
{Heap before GC invocations=9 (full 0):
 garbage-first heap   total 65536K, used 49034K [0x00000000a0000000, 0x0000000100000000)
  region size 1024K, 32 young (32768K), 2 survivors (2048K)
 Metaspace       used 26426K, capacity 27009K, committed 27264K, reserved 1073152K
  class space    used 3422K, capacity 3631K, committed 3712K, reserved 1048576K
}
Event: 28.283 GC heap after
{Heap after GC invocations=10 (full 0):
 garbage-first heap   total 65536K, used 19552K [0x00000000a0000000, 0x0000000100000000)
  region size 1024K, 4 young (4096K), 4 survivors (4096K)
 Metaspace       used 26426K, capacity 27009K, committed 27264K, reserved 1073152K
  class space    used 3422K, capacity 3631K, committed 3712K, reserved 1048576K
}
Event: 31.152 GC heap before
{Heap before GC invocations=10 (full 0):
 garbage-first heap   total 65536K, used 49248K [0x00000000a0000000, 0x0000000100000000)
  region size 1024K, 33 young (33792K), 4 survivors (4096K)
 Metaspace       used 29183K, capacity 29819K, committed 29952K, reserved 1075200K
  class space    used 3858K, capacity 4082K, committed 4096K, reserved 1048576K
}
Event: 31.173 GC heap after
{Heap after GC invocations=11 (full 0):
 garbage-first heap   total 65536K, used 20420K [0x00000000a0000000, 0x0000000100000000)
  region size 1024K, 4 young (4096K), 4 survivors (4096K)
 Metaspace       used 29183K, capacity 29819K, committed 29952K, reserved 1075200K
  class space    used 3858K, capacity 4082K, committed 4096K, reserved 1048576K
}
Event: 35.119 GC heap before
{Heap before GC invocations=11 (full 0):
 garbage-first heap   total 65536K, used 43972K [0x00000000a0000000, 0x0000000100000000)
  region size 1024K, 28 young (28672K), 4 survivors (4096K)
 Metaspace       used 35008K, capacity 35777K, committed 35840K, reserved 1081344K
  class space    used 4509K, capacity 4813K, committed 4864K, reserved 1048576K
}
Event: 35.156 GC heap after
{Heap after GC invocations=12 (full 0):
 garbage-first heap   total 65536K, used 22954K [0x00000000a0000000, 0x0000000100000000)
  region size 1024K, 5 young (5120K), 5 survivors (5120K)
 Metaspace       used 35008K, capacity 35777K, committed 35840K, reserved 1081344K
  class space    used 4509K, capacity 4813K, committed 4864K, reserved 1048576K
}

